Arguments: 
  C:\Program Files\nodejs\node.exe C:\Users\KMS\AppData\Roaming\npm\node_modules\yarn\bin\yarn.js add firebase --save

PATH: 
  C:\Windows\system32;C:\Windows;C:\Windows\System32\Wbem;C:\Windows\System32\WindowsPowerShell\v1.0\;C:\Windows\System32\OpenSSH\;C:\ProgramData\chocolatey\bin;C:\Program Files\nodejs\;C:\Program Files\Git\cmd;C:\Users\KMS\AppData\Local\Microsoft\WindowsApps;C:\Users\KMS\AppData\Local\Programs\Microsoft VS Code\bin;C:\Users\KMS\AppData\Roaming\cabal\bin;C:\ProgramData\chocolatey\lib\ghc\tools\ghc-8.10.4\bin;C:\tools\msys64;C:\Program Files\mingw-w64\x86_64-8.1.0-posix-seh-rt_v6-rev0\mingw64\bin;C:\Users\KMS\AppData\Roaming\npm

Yarn version: 
  1.22.10

Node version: 
  14.16.0

Platform: 
  win32 x64

Trace: 
  Error: read ECONNRESET
      at TLSWrap.onStreamRead (internal/stream_base_commons.js:209:20)

npm manifest: 
  {
    "main": "node_modules/expo/AppEntry.js",
    "scripts": {
      "start": "expo start",
      "android": "expo start --android",
      "ios": "expo start --ios",
      "web": "expo start --web",
      "eject": "expo eject"
    },
    "dependencies": {
      "@expo/vector-icons": "^12.0.4",
      "expo": "~40.0.0",
      "expo-status-bar": "~1.0.3",
      "firebase": "^8.3.1",
      "react": "16.13.1",
      "react-dom": "16.13.1",
      "react-native": "https://github.com/expo/react-native/archive/sdk-40.0.1.tar.gz",
      "react-native-formik": "^1.7.8",
      "react-native-web": "~0.13.12",
      "react-navigation-drawer": "^2.7.0",
      "react-navigation-stack": "^2.10.4",
      "react-navigation-tabs": "^2.11.0",
      "yup": "^0.32.9"
    },
    "devDependencies": {
      "@babel/core": "^7.9.0"
    },
    "private": true
  }

yarn manifest: 
  No manifest

Lockfile: 
  No lockfile
